\o Program:		@(#)$CDS: cdsLibEditor version 6.1.7 - CAT35 10/18/2015 00:07 (sjfnl678) $
\o Sub version:		sub-version  p009 
\o Arguments:		-display :8 -mpssession virtuoso231966 -mpshost server315 -namespace CDBA -cdslib /eda/cadence/IC617/share/cdssetup/cds.lib 
\o Working Directory:	server315:/eda/home/wc/Projects/Virtuoso/TSV_Transition_Simu/TSV_Transition_202304
\o 64-bit offsets
\a nrSetWindowVisibility(cdsLibEditor "show")
\o Qt version: 		4.8.5
\a nrSetCurrentWindow(cdsLibEditor)
\a nrListItemAction(cdsLibEditor->mainTable 0 0)
\o Active cell: 0 0 "cdsDefTechLib"
\a nrResizeWindow(cdsLibEditor list(28 58 500 400))
\a nrListItemAction(cdsLibEditor->mainTable 8 0)
\o Active cell: 8 0 ""
\a cdsLibEditor->editAddLibButton->value = t
\a newLibraryDialog->filePathComboBox->value = "/eda/home/wc/Projects/Virtuoso/TSV_Transition_Simu/TSV_Transition_202304"
\a newLibraryDialog->filePathComboBox->value = "/eda/cadence/IC617/share/cdssetup"
\a newLibraryDialog->useMappedName->value = nil
\a nrSetWindowVisibility(newLibraryDialog "show")
\a nrSetCurrentWindow(newLibraryDialog)
\a nrResizeWindow(newLibraryDialog list(13 27 531 513))
\a newLibraryDialog->filePathComboBox->value = "/eda/home/wc/Projects/Virtuoso/TSV_Transition_Simu/TSV_Transition_202304"
\a newLibraryDialog->dirListWidget->value = ".."
\a newLibraryDialog->filePathComboBox->value = "/eda/home/wc/Projects/Virtuoso/TSV_Transition_Simu/TSV_Transition_202304/.."
\a nrListItemAction(newLibraryDialog->dirListWidget 0 0)
\a newLibraryDialog->filePathComboBox->value = "/eda/home/wc/Projects/Virtuoso/TSV_Transition_Simu"
\a newLibraryDialog->dirListWidget->value = nil
\a newLibraryDialog->dirListWidget->value = ".."
\a newLibraryDialog->filePathComboBox->value = "/eda/home/wc/Projects/Virtuoso/TSV_Transition_Simu/.."
\a nrListItemAction(newLibraryDialog->dirListWidget 0 0)
\a newLibraryDialog->filePathComboBox->value = "/eda/home/wc/Projects/Virtuoso"
\a newLibraryDialog->dirListWidget->value = nil
\a newLibraryDialog->dirListWidget->value = ".."
\a newLibraryDialog->filePathComboBox->value = "/eda/home/wc/Projects/Virtuoso/.."
\a nrListItemAction(newLibraryDialog->dirListWidget 0 0)
\a newLibraryDialog->filePathComboBox->value = "/eda/home/wc/Projects"
\a newLibraryDialog->dirListWidget->value = nil
\a newLibraryDialog->dirListWidget->value = "Virtuoso"
\a newLibraryDialog->filePathComboBox->value = "/eda/home/wc/Projects/Virtuoso"
\a nrListItemAction(newLibraryDialog->dirListWidget 3 0)
\a newLibraryDialog->dirListWidget->value = nil
\a newLibraryDialog->dirListWidget->value = "TSV_Transition_Simu"
\a newLibraryDialog->filePathComboBox->value = "/eda/home/wc/Projects/Virtuoso/TSV_Transition_Simu"
\a nrListItemAction(newLibraryDialog->dirListWidget 3 0)
\a newLibraryDialog->dirListWidget->value = nil
\a newLibraryDialog->dirListWidget->value = ".."
\a newLibraryDialog->filePathComboBox->value = "/eda/home/wc/Projects/Virtuoso/TSV_Transition_Simu/.."
\a nrListItemAction(newLibraryDialog->dirListWidget 0 0)
\a newLibraryDialog->filePathComboBox->value = "/eda/home/wc/Projects/Virtuoso"
\a newLibraryDialog->dirListWidget->value = nil
\a newLibraryDialog->dirListWidget->value = "TSV_Transition_Simu"
\a newLibraryDialog->filePathComboBox->value = "/eda/home/wc/Projects/Virtuoso/TSV_Transition_Simu"
\a nrListItemAction(newLibraryDialog->dirListWidget 3 0)
\a newLibraryDialog->dirListWidget->value = nil
\a newLibraryDialog->dirListWidget->value = "TSV_Transition_202304"
\a newLibraryDialog->filePathComboBox->value = "/eda/home/wc/Projects/Virtuoso/TSV_Transition_Simu/TSV_Transition_202304"
\a nrListItemAction(newLibraryDialog->dirListWidget 1 0)
\a newLibraryDialog->dirListWidget->value = nil
\a newLibraryDialog->dirListWidget->value = ".."
\a newLibraryDialog->filePathComboBox->value = "/eda/home/wc/Projects/Virtuoso/TSV_Transition_Simu/TSV_Transition_202304/.."
\a nrListItemAction(newLibraryDialog->dirListWidget 0 0)
\a newLibraryDialog->filePathComboBox->value = "/eda/home/wc/Projects/Virtuoso/TSV_Transition_Simu"
\a newLibraryDialog->dirListWidget->value = nil
\a newLibraryDialog->dirListWidget->value = ".."
\a newLibraryDialog->filePathComboBox->value = "/eda/home/wc/Projects/Virtuoso/TSV_Transition_Simu/.."
\a nrListItemAction(newLibraryDialog->dirListWidget 0 0)
\a newLibraryDialog->filePathComboBox->value = "/eda/home/wc/Projects/Virtuoso"
\a newLibraryDialog->dirListWidget->value = nil
\a newLibraryDialog->dirListWidget->value = "TSV_Transition_Simu"
\a newLibraryDialog->filePathComboBox->value = "/eda/home/wc/Projects/Virtuoso/TSV_Transition_Simu"
\a nrListItemAction(newLibraryDialog->dirListWidget 3 0)
\a newLibraryDialog->dirListWidget->value = nil
\a newLibraryDialog->dirListWidget->value = "TSV_Transition_202304"
\a newLibraryDialog->filePathComboBox->value = "/eda/home/wc/Projects/Virtuoso/TSV_Transition_Simu/TSV_Transition_202304"
\a nrListItemAction(newLibraryDialog->dirListWidget 1 0)
\a newLibraryDialog->dirListWidget->value = nil
\a newLibraryDialog->dirListWidget->value = "TSMC-65nm(OA)"
\a newLibraryDialog->filePathComboBox->value = "/eda/home/wc/Projects/Virtuoso/TSV_Transition_Simu/TSV_Transition_202304/TSMC-65nm(OA)"
\a nrListItemAction(newLibraryDialog->dirListWidget 1 0)
\a newLibraryDialog->dirListWidget->value = nil
\a newLibraryDialog->dirListWidget->value = "PDK_files"
\a newLibraryDialog->filePathComboBox->value = "/eda/home/wc/Projects/Virtuoso/TSV_Transition_Simu/TSV_Transition_202304/TSMC-65nm(OA)/PDK_files"
\a nrListItemAction(newLibraryDialog->dirListWidget 2 0)
\a newLibraryDialog->dirListWidget->value = nil
\a newLibraryDialog->libraryListBox->value = "tsmcN65"
\a newLibraryDialog->useMappedName->value = t
\a newLibraryDialog->libraryName->value = "tsmcN65"
\a newLibraryDialog->okButton->value = t
\a newLibraryDialog->libraryListBox->value = nil
\a newLibraryDialog->useMappedName->value = nil
\a newLibraryDialog->libraryName->value = ""
\a nrListItemAction(cdsLibEditor->mainTable 9 0)
\o Active cell: 9 0 ""
\a nrSetCurrentWindow(cdsLibEditor)
\a cdsLibEditor->fileExitButton->value = t
\o QUESTION (CLE-205): You have made changes which have not been saved. \n\nWould you like to save your changes? 
\a nrSetWindowVisibility(needSaveDialog "show")
\a nrResizeWindow(needSaveDialog list(94 197 369 136))
\a nrSetCurrentWindow(needSaveDialog)
\a needSaveDialog->yesButton->value = t
\a nrSetWindowVisibility(cdsLibEditor "hide")
\a exit(0)
