\o Program:		@(#)$CDS: libManager version 6.1.7 - CAT35 10/18/2015 00:06 (sjfnl678) $
\o Sub version:		sub-version  p009 
\o Arguments:		-unmapped -mpssession virtuoso218472 -mpshost server315 
\o Working Directory:	server315:/eda/home/cwei/Workspace/Virtuoso_Workspace/CAC/TSV_Transition/TSV_Transition_202304
\o 64-bit offsets
\o Qt version: 		4.8.5
\o changeWorkingDir("/eda/home/cwei/Workspace/Virtuoso_Workspace/CAC/TSV_Transition/TSV_Transition_202304") unnecessary.
\o ddSetForcedLib("") unnecessary.
\o Log file is "/eda/home/cwei/Workspace/Virtuoso_Workspace/CAC/TSV_Transition/TSV_Transition_202304/libManager.log".
\o Opening libManager window.
\a nrSetWindowVisibility(cdsLibManager "show")
\o MPS service: map window
\o Library Manager customization server connected.
\a nrSetCurrentWindow(cdsLibManager)
\a nrResizeWindow(cdsLibManager list(-1 27 1920 977))
\a cdsLibManager->libListBox->value = "TransitionSimu_MISModel"
\a cdsLibManager->libLineEdit->value = "TransitionSimu_MISModel"
\a cdsLibManager->cellListBox->value = "MISModel_TransitionSimu_230410_C"
\a cdsLibManager->viewListBox->value = "schematic"
\a cdsLibManager->viewLineEdit->value = "schematic"
\a cdsLibManager->cellLineEdit->value = "MISModel_TransitionSimu_230410_C"
\a cdsLibManager->viewListBox->value = nil
\a cdsLibManager->viewListBox->value = "schematic"
\o MPS request: edit design
\a nrListItemAction(cdsLibManager->gdmXTView 0 0)
\a cdsLibManager->libListBox->value = nil
\a cdsLibManager->cellListBox->value = nil
\a cdsLibManager->viewLineEdit->value = ""
\a cdsLibManager->viewListBox->value = nil
\a cdsLibManager->cellLineEdit->value = ""
\a cdsLibManager->libLineEdit->value = ""
\a cdsLibManager->libListBox->value = "TransitionSimu_MISModel"
\a cdsLibManager->libLineEdit->value = "TransitionSimu_MISModel"
\a cdsLibManager->cellListBox->value = "MISModel_TransitionSimu_230410_C"
\a cdsLibManager->cellLineEdit->value = "MISModel_TransitionSimu_230410_C"
\a cdsLibManager->viewListBox->value = "schematic"
\a cdsLibManager->viewLineEdit->value = "schematic"
\a cdsLibManager->viewLineEdit->value = ""
\a cdsLibManager->viewListBox->value = nil
\a cdsLibManager->viewListBox->value = "schematic"
\a cdsLibManager->viewLineEdit->value = "schematic"
\a nrSetCurrentWindow(cdsLibManager)
\a cdsLibManager->cellListBox->value = "MISModel_Aggressor"
\a cdsLibManager->viewLineEdit->value = ""
\a cdsLibManager->viewListBox->value = nil
\a cdsLibManager->viewListBox->value = "schematic"
\a cdsLibManager->viewLineEdit->value = "schematic"
\a cdsLibManager->cellLineEdit->value = "MISModel_Aggressor"
\a cdsLibManager->viewListBox->value = nil
\a cdsLibManager->viewListBox->value = "schematic"
\o MPS request: edit design
\a nrListItemAction(cdsLibManager->gdmXTView 0 0)
\a nrSetCurrentWindow(cdsLibManager)
\a nrSetCurrentWindow(cdsLibManager)
\a nrSetCurrentWindow(cdsLibManager)
\a nrSetCurrentWindow(cdsLibManager)
\a nrSetCurrentWindow(cdsLibManager)
\a nrSetCurrentWindow(cdsLibManager)
\a cdsLibManager->cellListBox->value = "MISModel_TransitionSimu_230410_C"
\a cdsLibManager->viewLineEdit->value = ""
\a cdsLibManager->viewListBox->value = nil
\a cdsLibManager->viewListBox->value = "schematic"
\a cdsLibManager->viewLineEdit->value = "schematic"
\a cdsLibManager->cellLineEdit->value = "MISModel_TransitionSimu_230410_C"
\a cdsLibManager->viewListBox->value = nil
\a cdsLibManager->viewListBox->value = "schematic"
\o MPS request: edit design
\a nrListItemAction(cdsLibManager->gdmXTView 0 0)
\a nrSetCurrentWindow(cdsLibManager)
\a _lmgrCloseIconify("cdsLibManager" 1)
\a nrSetCurrentWindow(cdsLibManager)
\a _lmgrCloseIconify("cdsLibManager" 1)
\o MPS service: shutdown
\o libManager is exiting.
\a nrSetWindowVisibility(cdsLibManager "hide")
\a exit(0)
